<?xml version="1.0" encoding="UTF-8"?>
<coverage generated="1560556791402" clover="3.2.0">
  <project timestamp="1560556791403" name="All files">
    <metrics statements="114" coveredstatements="82" conditionals="41" coveredconditionals="12" methods="33" coveredmethods="22" elements="188" coveredelements="116" complexity="0" loc="114" ncloc="114" packages="1" files="4" classes="4"/>
    <file name="cli.js" path="/home/maytezhou/Desktop/MD-LINKS/LIM009-fe-md-links/src/cli.js">
      <metrics statements="34" coveredstatements="12" conditionals="25" coveredconditionals="0" methods="10" coveredmethods="3"/>
      <line num="20" count="1" type="stmt"/>
      <line num="23" count="1" type="stmt"/>
      <line num="24" count="1" type="stmt"/>
      <line num="28" count="1" type="stmt"/>
      <line num="31" count="1" type="stmt"/>
      <line num="32" count="1" type="stmt"/>
      <line num="36" count="1" type="stmt"/>
      <line num="38" count="1" type="stmt"/>
      <line num="39" count="1" type="stmt"/>
      <line num="41" count="1" type="stmt"/>
      <line num="46" count="1" type="stmt"/>
      <line num="49" count="1" type="stmt"/>
      <line num="52" count="0" type="cond" truecount="0" falsecount="5"/>
      <line num="54" count="0" type="stmt"/>
      <line num="55" count="0" type="stmt"/>
      <line num="56" count="0" type="stmt"/>
      <line num="57" count="0" type="stmt"/>
      <line num="59" count="0" type="cond" truecount="0" falsecount="2"/>
      <line num="63" count="0" type="cond" truecount="0" falsecount="5"/>
      <line num="64" count="0" type="stmt"/>
      <line num="65" count="0" type="stmt"/>
      <line num="66" count="0" type="stmt"/>
      <line num="67" count="0" type="stmt"/>
      <line num="69" count="0" type="stmt"/>
      <line num="73" count="0" type="cond" truecount="0" falsecount="5"/>
      <line num="74" count="0" type="stmt"/>
      <line num="75" count="0" type="stmt"/>
      <line num="77" count="0" type="stmt"/>
      <line num="78" count="0" type="stmt"/>
      <line num="81" count="0" type="cond" truecount="0" falsecount="8"/>
      <line num="84" count="0" type="stmt"/>
      <line num="85" count="0" type="stmt"/>
      <line num="87" count="0" type="stmt"/>
      <line num="88" count="0" type="stmt"/>
    </file>
    <file name="index.js" path="/home/maytezhou/Desktop/MD-LINKS/LIM009-fe-md-links/src/index.js">
      <metrics statements="60" coveredstatements="50" conditionals="10" coveredconditionals="8" methods="18" coveredmethods="14"/>
      <line num="3" count="1" type="stmt"/>
      <line num="7" count="1" type="stmt"/>
      <line num="37" count="1" type="stmt"/>
      <line num="38" count="13" type="stmt"/>
      <line num="39" count="13" type="stmt"/>
      <line num="40" count="13" type="cond" truecount="2" falsecount="0"/>
      <line num="42" count="9" type="stmt"/>
      <line num="44" count="9" type="stmt"/>
      <line num="46" count="13" type="cond" truecount="2" falsecount="0"/>
      <line num="48" count="4" type="stmt"/>
      <line num="50" count="4" type="stmt"/>
      <line num="51" count="12" type="stmt"/>
      <line num="52" count="12" type="stmt"/>
      <line num="54" count="12" type="stmt"/>
      <line num="58" count="13" type="stmt"/>
      <line num="61" count="1" type="stmt"/>
      <line num="62" count="1" type="stmt"/>
      <line num="64" count="1" type="stmt"/>
      <line num="65" count="9" type="stmt"/>
      <line num="67" count="9" type="stmt"/>
      <line num="68" count="9" type="stmt"/>
      <line num="69" count="28" type="stmt"/>
      <line num="72" count="9" type="stmt"/>
      <line num="75" count="1" type="stmt"/>
      <line num="84" count="1" type="stmt"/>
      <line num="86" count="1" type="stmt"/>
      <line num="88" count="8" type="stmt"/>
      <line num="89" count="0" type="stmt"/>
      <line num="90" count="0" type="stmt"/>
      <line num="92" count="0" type="stmt"/>
      <line num="97" count="1" type="stmt"/>
      <line num="101" count="1" type="stmt"/>
      <line num="102" count="0" type="cond" truecount="0" falsecount="2"/>
      <line num="103" count="0" type="stmt"/>
      <line num="104" count="0" type="stmt"/>
      <line num="105" count="0" type="stmt"/>
      <line num="109" count="0" type="stmt"/>
      <line num="110" count="0" type="stmt"/>
      <line num="111" count="0" type="stmt"/>
      <line num="117" count="1" type="stmt"/>
      <line num="188" count="1" type="stmt"/>
      <line num="189" count="2" type="stmt"/>
      <line num="190" count="2" type="stmt"/>
      <line num="191" count="2" type="stmt"/>
      <line num="192" count="20" type="cond" truecount="2" falsecount="0"/>
      <line num="193" count="14" type="stmt"/>
      <line num="199" count="2" type="stmt"/>
      <line num="200" count="14" type="stmt"/>
      <line num="203" count="2" type="stmt"/>
      <line num="205" count="1" type="stmt"/>
      <line num="206" count="1" type="stmt"/>
      <line num="208" count="1" type="stmt"/>
      <line num="210" count="10" type="cond" truecount="2" falsecount="0"/>
      <line num="211" count="2" type="stmt"/>
      <line num="215" count="1" type="stmt"/>
      <line num="218" count="1" type="stmt"/>
      <line num="219" count="1" type="stmt"/>
      <line num="221" count="1" type="stmt"/>
      <line num="223" count="10" type="stmt"/>
      <line num="227" count="1" type="stmt"/>
    </file>
    <file name="path.js" path="/home/maytezhou/Desktop/MD-LINKS/LIM009-fe-md-links/src/path.js">
      <metrics statements="10" coveredstatements="10" conditionals="6" coveredconditionals="4" methods="2" coveredmethods="2"/>
      <line num="1" count="1" type="stmt"/>
      <line num="2" count="1" type="stmt"/>
      <line num="4" count="10" type="cond" truecount="1" falsecount="1"/>
      <line num="5" count="10" type="stmt"/>
      <line num="9" count="1" type="stmt"/>
      <line num="10" count="14" type="cond" truecount="2" falsecount="0"/>
      <line num="14" count="1" type="stmt"/>
      <line num="15" count="1" type="stmt"/>
      <line num="16" count="13" type="cond" truecount="1" falsecount="1"/>
      <line num="19" count="13" type="stmt"/>
    </file>
    <file name="read-controller.js" path="/home/maytezhou/Desktop/MD-LINKS/LIM009-fe-md-links/src/read-controller.js">
      <metrics statements="10" coveredstatements="10" conditionals="0" coveredconditionals="0" methods="3" coveredmethods="3"/>
      <line num="3" count="1" type="stmt"/>
      <line num="6" count="1" type="stmt"/>
      <line num="7" count="26" type="stmt"/>
      <line num="8" count="26" type="stmt"/>
      <line num="13" count="1" type="stmt"/>
      <line num="14" count="10" type="stmt"/>
      <line num="15" count="10" type="stmt"/>
      <line num="19" count="1" type="stmt"/>
      <line num="20" count="5" type="stmt"/>
      <line num="21" count="5" type="stmt"/>
    </file>
  </project>
</coverage>
