{"/home/maytezhou/Desktop/MD-LINKS/LIM009-fe-md-links/src/cli.js": {"path":"/home/maytezhou/Desktop/MD-LINKS/LIM009-fe-md-links/src/cli.js","statementMap":{"0":{"start":{"line":20,"column":16},"end":{"line":20,"column":28}},"1":{"start":{"line":23,"column":20},"end":{"line":25,"column":1}},"2":{"start":{"line":24,"column":4},"end":{"line":24,"column":23}},"3":{"start":{"line":28,"column":31},"end":{"line":28,"column":51}},"4":{"start":{"line":31,"column":17},"end":{"line":33,"column":1}},"5":{"start":{"line":32,"column":4},"end":{"line":32,"column":22}},"6":{"start":{"line":36,"column":28},"end":{"line":36,"column":45}},"7":{"start":{"line":38,"column":17},"end":{"line":40,"column":1}},"8":{"start":{"line":39,"column":4},"end":{"line":39,"column":22}},"9":{"start":{"line":41,"column":28},"end":{"line":41,"column":45}},"10":{"start":{"line":46,"column":16},"end":{"line":48,"column":1}},"11":{"start":{"line":49,"column":19},"end":{"line":94,"column":1}},"12":{"start":{"line":52,"column":4},"end":{"line":92,"column":5}},"13":{"start":{"line":54,"column":8},"end":{"line":54,"column":31}},"14":{"start":{"line":55,"column":8},"end":{"line":62,"column":11}},"15":{"start":{"line":57,"column":35},"end":{"line":60,"column":14}},"16":{"start":{"line":58,"column":16},"end":{"line":58,"column":115}},"17":{"start":{"line":59,"column":16},"end":{"line":59,"column":109}},"18":{"start":{"line":61,"column":12},"end":{"line":61,"column":45}},"19":{"start":{"line":64,"column":11},"end":{"line":92,"column":5}},"20":{"start":{"line":65,"column":8},"end":{"line":65,"column":33}},"21":{"start":{"line":66,"column":8},"end":{"line":73,"column":10}},"22":{"start":{"line":68,"column":35},"end":{"line":71,"column":14}},"23":{"start":{"line":69,"column":16},"end":{"line":69,"column":71}},"24":{"start":{"line":70,"column":16},"end":{"line":70,"column":61}},"25":{"start":{"line":72,"column":12},"end":{"line":72,"column":45}},"26":{"start":{"line":74,"column":11},"end":{"line":92,"column":5}},"27":{"start":{"line":75,"column":8},"end":{"line":75,"column":33}},"28":{"start":{"line":76,"column":8},"end":{"line":80,"column":10}},"29":{"start":{"line":78,"column":12},"end":{"line":78,"column":105}},"30":{"start":{"line":79,"column":12},"end":{"line":79,"column":97}},"31":{"start":{"line":82,"column":11},"end":{"line":92,"column":5}},"32":{"start":{"line":85,"column":8},"end":{"line":85,"column":32}},"33":{"start":{"line":86,"column":8},"end":{"line":90,"column":10}},"34":{"start":{"line":88,"column":12},"end":{"line":88,"column":146}},"35":{"start":{"line":89,"column":12},"end":{"line":89,"column":136}}},"fnMap":{"0":{"name":"(anonymous_0)","decl":{"start":{"line":23,"column":20},"end":{"line":23,"column":21}},"loc":{"start":{"line":23,"column":34},"end":{"line":25,"column":1}},"line":23},"1":{"name":"(anonymous_1)","decl":{"start":{"line":31,"column":17},"end":{"line":31,"column":18}},"loc":{"start":{"line":31,"column":30},"end":{"line":33,"column":1}},"line":31},"2":{"name":"(anonymous_2)","decl":{"start":{"line":38,"column":17},"end":{"line":38,"column":18}},"loc":{"start":{"line":38,"column":30},"end":{"line":40,"column":1}},"line":38},"3":{"name":"(anonymous_3)","decl":{"start":{"line":49,"column":19},"end":{"line":49,"column":20}},"loc":{"start":{"line":49,"column":47},"end":{"line":94,"column":1}},"line":49},"4":{"name":"(anonymous_4)","decl":{"start":{"line":55,"column":43},"end":{"line":55,"column":44}},"loc":{"start":{"line":55,"column":57},"end":{"line":62,"column":9}},"line":55},"5":{"name":"(anonymous_5)","decl":{"start":{"line":57,"column":48},"end":{"line":57,"column":49}},"loc":{"start":{"line":57,"column":57},"end":{"line":60,"column":13}},"line":57},"6":{"name":"(anonymous_6)","decl":{"start":{"line":66,"column":43},"end":{"line":66,"column":44}},"loc":{"start":{"line":66,"column":57},"end":{"line":73,"column":9}},"line":66},"7":{"name":"(anonymous_7)","decl":{"start":{"line":68,"column":48},"end":{"line":68,"column":49}},"loc":{"start":{"line":68,"column":55},"end":{"line":71,"column":13}},"line":68},"8":{"name":"(anonymous_8)","decl":{"start":{"line":76,"column":43},"end":{"line":76,"column":44}},"loc":{"start":{"line":76,"column":57},"end":{"line":80,"column":9}},"line":76},"9":{"name":"(anonymous_9)","decl":{"start":{"line":86,"column":43},"end":{"line":86,"column":44}},"loc":{"start":{"line":86,"column":57},"end":{"line":90,"column":9}},"line":86}},"branchMap":{"0":{"loc":{"start":{"line":52,"column":4},"end":{"line":92,"column":5}},"type":"if","locations":[{"start":{"line":52,"column":4},"end":{"line":92,"column":5}},{"start":{"line":52,"column":4},"end":{"line":92,"column":5}}],"line":52},"1":{"loc":{"start":{"line":52,"column":8},"end":{"line":52,"column":77}},"type":"binary-expr","locations":[{"start":{"line":52,"column":8},"end":{"line":52,"column":26}},{"start":{"line":52,"column":30},"end":{"line":52,"column":53}},{"start":{"line":52,"column":57},"end":{"line":52,"column":77}}],"line":52},"2":{"loc":{"start":{"line":58,"column":55},"end":{"line":58,"column":85}},"type":"cond-expr","locations":[{"start":{"line":58,"column":72},"end":{"line":58,"column":78}},{"start":{"line":58,"column":79},"end":{"line":58,"column":85}}],"line":58},"3":{"loc":{"start":{"line":59,"column":50},"end":{"line":59,"column":80}},"type":"cond-expr","locations":[{"start":{"line":59,"column":67},"end":{"line":59,"column":73}},{"start":{"line":59,"column":74},"end":{"line":59,"column":80}}],"line":59},"4":{"loc":{"start":{"line":64,"column":11},"end":{"line":92,"column":5}},"type":"if","locations":[{"start":{"line":64,"column":11},"end":{"line":92,"column":5}},{"start":{"line":64,"column":11},"end":{"line":92,"column":5}}],"line":64},"5":{"loc":{"start":{"line":64,"column":15},"end":{"line":64,"column":81}},"type":"binary-expr","locations":[{"start":{"line":64,"column":15},"end":{"line":64,"column":33}},{"start":{"line":64,"column":37},"end":{"line":64,"column":57}},{"start":{"line":64,"column":61},"end":{"line":64,"column":81}}],"line":64},"6":{"loc":{"start":{"line":74,"column":11},"end":{"line":92,"column":5}},"type":"if","locations":[{"start":{"line":74,"column":11},"end":{"line":92,"column":5}},{"start":{"line":74,"column":11},"end":{"line":92,"column":5}}],"line":74},"7":{"loc":{"start":{"line":74,"column":15},"end":{"line":74,"column":81}},"type":"binary-expr","locations":[{"start":{"line":74,"column":15},"end":{"line":74,"column":33}},{"start":{"line":74,"column":37},"end":{"line":74,"column":57}},{"start":{"line":74,"column":61},"end":{"line":74,"column":81}}],"line":74},"8":{"loc":{"start":{"line":82,"column":11},"end":{"line":92,"column":5}},"type":"if","locations":[{"start":{"line":82,"column":11},"end":{"line":92,"column":5}},{"start":{"line":82,"column":11},"end":{"line":92,"column":5}}],"line":82},"9":{"loc":{"start":{"line":82,"column":15},"end":{"line":83,"column":77}},"type":"binary-expr","locations":[{"start":{"line":82,"column":15},"end":{"line":82,"column":33}},{"start":{"line":82,"column":37},"end":{"line":82,"column":57}},{"start":{"line":82,"column":61},"end":{"line":82,"column":84}},{"start":{"line":83,"column":8},"end":{"line":83,"column":26}},{"start":{"line":83,"column":30},"end":{"line":83,"column":53}},{"start":{"line":83,"column":57},"end":{"line":83,"column":77}}],"line":82}},"s":{"0":1,"1":1,"2":1,"3":1,"4":1,"5":1,"6":1,"7":1,"8":1,"9":1,"10":1,"11":1,"12":1,"13":0,"14":0,"15":0,"16":0,"17":0,"18":0,"19":1,"20":0,"21":0,"22":0,"23":0,"24":0,"25":0,"26":1,"27":0,"28":0,"29":0,"30":0,"31":1,"32":1,"33":1,"34":1,"35":1},"f":{"0":1,"1":1,"2":1,"3":1,"4":0,"5":0,"6":0,"7":0,"8":0,"9":1},"b":{"0":[0,1],"1":[1,1,1],"2":[0,0],"3":[0,0],"4":[0,1],"5":[1,1,0],"6":[0,1],"7":[1,1,0],"8":[1,0],"9":[1,1,0,1,1,1]},"_coverageSchema":"43e27e138ebf9cfc5966b082cf9a028302ed4184","hash":"b1cd9360e5d7e8ace97d9199de6970162499a7ad"}
,"/home/maytezhou/Desktop/MD-LINKS/LIM009-fe-md-links/src/index.js": {"path":"/home/maytezhou/Desktop/MD-LINKS/LIM009-fe-md-links/src/index.js","statementMap":{"0":{"start":{"line":3,"column":15},"end":{"line":3,"column":32}},"1":{"start":{"line":7,"column":14},"end":{"line":7,"column":35}},"2":{"start":{"line":37,"column":41},"end":{"line":59,"column":1}},"3":{"start":{"line":38,"column":33},"end":{"line":38,"column":35}},"4":{"start":{"line":39,"column":25},"end":{"line":39,"column":51}},"5":{"start":{"line":40,"column":4},"end":{"line":45,"column":5}},"6":{"start":{"line":42,"column":33},"end":{"line":42,"column":73}},"7":{"start":{"line":44,"column":8},"end":{"line":44,"column":54}},"8":{"start":{"line":46,"column":4},"end":{"line":56,"column":5}},"9":{"start":{"line":48,"column":43},"end":{"line":48,"column":64}},"10":{"start":{"line":50,"column":8},"end":{"line":55,"column":11}},"11":{"start":{"line":51,"column":36},"end":{"line":51,"column":68}},"12":{"start":{"line":52,"column":25},"end":{"line":52,"column":67}},"13":{"start":{"line":54,"column":12},"end":{"line":54,"column":74}},"14":{"start":{"line":58,"column":4},"end":{"line":58,"column":34}},"15":{"start":{"line":61,"column":38},"end":{"line":76,"column":1}},"16":{"start":{"line":62,"column":17},"end":{"line":62,"column":19}},"17":{"start":{"line":64,"column":4},"end":{"line":73,"column":10}},"18":{"start":{"line":65,"column":36},"end":{"line":65,"column":65}},"19":{"start":{"line":67,"column":27},"end":{"line":67,"column":50}},"20":{"start":{"line":68,"column":12},"end":{"line":71,"column":14}},"21":{"start":{"line":69,"column":16},"end":{"line":69,"column":59}},"22":{"start":{"line":72,"column":12},"end":{"line":72,"column":62}},"23":{"start":{"line":75,"column":4},"end":{"line":75,"column":18}},"24":{"start":{"line":84,"column":33},"end":{"line":98,"column":1}},"25":{"start":{"line":86,"column":22},"end":{"line":95,"column":6}},"26":{"start":{"line":88,"column":8},"end":{"line":93,"column":10}},"27":{"start":{"line":89,"column":12},"end":{"line":89,"column":41}},"28":{"start":{"line":90,"column":12},"end":{"line":90,"column":41}},"29":{"start":{"line":92,"column":12},"end":{"line":92,"column":23}},"30":{"start":{"line":97,"column":4},"end":{"line":97,"column":34}},"31":{"start":{"line":101,"column":23},"end":{"line":115,"column":1}},"32":{"start":{"line":102,"column":4},"end":{"line":113,"column":5}},"33":{"start":{"line":103,"column":8},"end":{"line":106,"column":10}},"34":{"start":{"line":104,"column":12},"end":{"line":104,"column":77}},"35":{"start":{"line":105,"column":12},"end":{"line":105,"column":42}},"36":{"start":{"line":109,"column":8},"end":{"line":112,"column":10}},"37":{"start":{"line":110,"column":12},"end":{"line":110,"column":96}},"38":{"start":{"line":111,"column":12},"end":{"line":111,"column":42}},"39":{"start":{"line":117,"column":16},"end":{"line":186,"column":1}},"40":{"start":{"line":188,"column":34},"end":{"line":204,"column":1}},"41":{"start":{"line":189,"column":19},"end":{"line":189,"column":20}},"42":{"start":{"line":190,"column":29},"end":{"line":190,"column":31}},"43":{"start":{"line":191,"column":4},"end":{"line":197,"column":10}},"44":{"start":{"line":192,"column":12},"end":{"line":194,"column":13}},"45":{"start":{"line":193,"column":16},"end":{"line":193,"column":47}},"46":{"start":{"line":199,"column":4},"end":{"line":201,"column":10}},"47":{"start":{"line":200,"column":12},"end":{"line":200,"column":22}},"48":{"start":{"line":203,"column":4},"end":{"line":203,"column":19}},"49":{"start":{"line":205,"column":34},"end":{"line":216,"column":1}},"50":{"start":{"line":206,"column":19},"end":{"line":206,"column":20}},"51":{"start":{"line":208,"column":4},"end":{"line":213,"column":10}},"52":{"start":{"line":210,"column":12},"end":{"line":212,"column":13}},"53":{"start":{"line":211,"column":16},"end":{"line":211,"column":26}},"54":{"start":{"line":215,"column":4},"end":{"line":215,"column":19}},"55":{"start":{"line":218,"column":33},"end":{"line":228,"column":1}},"56":{"start":{"line":219,"column":19},"end":{"line":219,"column":20}},"57":{"start":{"line":221,"column":4},"end":{"line":225,"column":10}},"58":{"start":{"line":223,"column":12},"end":{"line":223,"column":22}},"59":{"start":{"line":227,"column":4},"end":{"line":227,"column":19}}},"fnMap":{"0":{"name":"(anonymous_0)","decl":{"start":{"line":37,"column":41},"end":{"line":37,"column":42}},"loc":{"start":{"line":37,"column":52},"end":{"line":59,"column":1}},"line":37},"1":{"name":"(anonymous_1)","decl":{"start":{"line":50,"column":43},"end":{"line":50,"column":44}},"loc":{"start":{"line":50,"column":60},"end":{"line":55,"column":9}},"line":50},"2":{"name":"(anonymous_2)","decl":{"start":{"line":61,"column":38},"end":{"line":61,"column":39}},"loc":{"start":{"line":61,"column":52},"end":{"line":76,"column":1}},"line":61},"3":{"name":"(anonymous_3)","decl":{"start":{"line":64,"column":21},"end":{"line":64,"column":22}},"loc":{"start":{"line":64,"column":35},"end":{"line":73,"column":9}},"line":64},"4":{"name":"(anonymous_4)","decl":{"start":{"line":68,"column":28},"end":{"line":68,"column":29}},"loc":{"start":{"line":68,"column":47},"end":{"line":71,"column":13}},"line":68},"5":{"name":"(anonymous_5)","decl":{"start":{"line":84,"column":33},"end":{"line":84,"column":34}},"loc":{"start":{"line":84,"column":54},"end":{"line":98,"column":1}},"line":84},"6":{"name":"(anonymous_6)","decl":{"start":{"line":86,"column":33},"end":{"line":86,"column":34}},"loc":{"start":{"line":86,"column":42},"end":{"line":95,"column":5}},"line":86},"7":{"name":"(anonymous_7)","decl":{"start":{"line":88,"column":36},"end":{"line":88,"column":37}},"loc":{"start":{"line":88,"column":50},"end":{"line":93,"column":9}},"line":88},"8":{"name":"(anonymous_8)","decl":{"start":{"line":101,"column":23},"end":{"line":101,"column":24}},"loc":{"start":{"line":101,"column":38},"end":{"line":115,"column":1}},"line":101},"9":{"name":"(anonymous_9)","decl":{"start":{"line":103,"column":27},"end":{"line":103,"column":28}},"loc":{"start":{"line":103,"column":48},"end":{"line":106,"column":9}},"line":103},"10":{"name":"(anonymous_10)","decl":{"start":{"line":109,"column":27},"end":{"line":109,"column":28}},"loc":{"start":{"line":109,"column":48},"end":{"line":112,"column":9}},"line":109},"11":{"name":"(anonymous_11)","decl":{"start":{"line":188,"column":34},"end":{"line":188,"column":35}},"loc":{"start":{"line":188,"column":46},"end":{"line":204,"column":1}},"line":188},"12":{"name":"(anonymous_12)","decl":{"start":{"line":191,"column":19},"end":{"line":191,"column":20}},"loc":{"start":{"line":191,"column":28},"end":{"line":197,"column":9}},"line":191},"13":{"name":"(anonymous_13)","decl":{"start":{"line":199,"column":29},"end":{"line":199,"column":30}},"loc":{"start":{"line":199,"column":39},"end":{"line":201,"column":9}},"line":199},"14":{"name":"(anonymous_14)","decl":{"start":{"line":205,"column":34},"end":{"line":205,"column":35}},"loc":{"start":{"line":205,"column":46},"end":{"line":216,"column":1}},"line":205},"15":{"name":"(anonymous_15)","decl":{"start":{"line":208,"column":19},"end":{"line":208,"column":20}},"loc":{"start":{"line":208,"column":28},"end":{"line":213,"column":9}},"line":208},"16":{"name":"(anonymous_16)","decl":{"start":{"line":218,"column":33},"end":{"line":218,"column":34}},"loc":{"start":{"line":218,"column":45},"end":{"line":228,"column":1}},"line":218},"17":{"name":"(anonymous_17)","decl":{"start":{"line":221,"column":19},"end":{"line":221,"column":20}},"loc":{"start":{"line":221,"column":28},"end":{"line":225,"column":9}},"line":221}},"branchMap":{"0":{"loc":{"start":{"line":40,"column":4},"end":{"line":45,"column":5}},"type":"if","locations":[{"start":{"line":40,"column":4},"end":{"line":45,"column":5}},{"start":{"line":40,"column":4},"end":{"line":45,"column":5}}],"line":40},"1":{"loc":{"start":{"line":46,"column":4},"end":{"line":56,"column":5}},"type":"if","locations":[{"start":{"line":46,"column":4},"end":{"line":56,"column":5}},{"start":{"line":46,"column":4},"end":{"line":56,"column":5}}],"line":46},"2":{"loc":{"start":{"line":102,"column":4},"end":{"line":113,"column":5}},"type":"if","locations":[{"start":{"line":102,"column":4},"end":{"line":113,"column":5}},{"start":{"line":102,"column":4},"end":{"line":113,"column":5}}],"line":102},"3":{"loc":{"start":{"line":192,"column":12},"end":{"line":194,"column":13}},"type":"if","locations":[{"start":{"line":192,"column":12},"end":{"line":194,"column":13}},{"start":{"line":192,"column":12},"end":{"line":194,"column":13}}],"line":192},"4":{"loc":{"start":{"line":210,"column":12},"end":{"line":212,"column":13}},"type":"if","locations":[{"start":{"line":210,"column":12},"end":{"line":212,"column":13}},{"start":{"line":210,"column":12},"end":{"line":212,"column":13}}],"line":210}},"s":{"0":1,"1":1,"2":1,"3":52,"4":52,"5":52,"6":36,"7":36,"8":52,"9":16,"10":16,"11":48,"12":48,"13":48,"14":52,"15":1,"16":4,"17":4,"18":36,"19":36,"20":36,"21":112,"22":36,"23":4,"24":1,"25":3,"26":64,"27":64,"28":64,"29":64,"30":3,"31":1,"32":3,"33":1,"34":1,"35":1,"36":2,"37":2,"38":2,"39":1,"40":1,"41":4,"42":4,"43":4,"44":76,"45":52,"46":4,"47":52,"48":4,"49":1,"50":3,"51":3,"52":66,"53":4,"54":3,"55":1,"56":3,"57":3,"58":66,"59":3},"f":{"0":52,"1":48,"2":4,"3":36,"4":112,"5":3,"6":64,"7":64,"8":3,"9":1,"10":2,"11":4,"12":76,"13":52,"14":3,"15":66,"16":3,"17":66},"b":{"0":[36,16],"1":[16,36],"2":[1,2],"3":[52,24],"4":[4,62]},"_coverageSchema":"43e27e138ebf9cfc5966b082cf9a028302ed4184","hash":"41c292b13a18ab4f8c0ed78cc1322fe963480177"}
,"/home/maytezhou/Desktop/MD-LINKS/LIM009-fe-md-links/src/path.js": {"path":"/home/maytezhou/Desktop/MD-LINKS/LIM009-fe-md-links/src/path.js","statementMap":{"0":{"start":{"line":1,"column":13},"end":{"line":1,"column":28}},"1":{"start":{"line":2,"column":42},"end":{"line":8,"column":1}},"2":{"start":{"line":4,"column":4},"end":{"line":6,"column":5}},"3":{"start":{"line":5,"column":8},"end":{"line":5,"column":28}},"4":{"start":{"line":9,"column":35},"end":{"line":21,"column":1}},"5":{"start":{"line":10,"column":4},"end":{"line":20,"column":5}},"6":{"start":{"line":14,"column":29},"end":{"line":14,"column":48}},"7":{"start":{"line":15,"column":8},"end":{"line":15,"column":28}},"8":{"start":{"line":16,"column":11},"end":{"line":20,"column":5}},"9":{"start":{"line":19,"column":8},"end":{"line":19,"column":20}}},"fnMap":{"0":{"name":"(anonymous_0)","decl":{"start":{"line":2,"column":42},"end":{"line":2,"column":43}},"loc":{"start":{"line":2,"column":60},"end":{"line":8,"column":1}},"line":2},"1":{"name":"(anonymous_1)","decl":{"start":{"line":9,"column":35},"end":{"line":9,"column":36}},"loc":{"start":{"line":9,"column":46},"end":{"line":21,"column":1}},"line":9}},"branchMap":{"0":{"loc":{"start":{"line":4,"column":4},"end":{"line":6,"column":5}},"type":"if","locations":[{"start":{"line":4,"column":4},"end":{"line":6,"column":5}},{"start":{"line":4,"column":4},"end":{"line":6,"column":5}}],"line":4},"1":{"loc":{"start":{"line":10,"column":4},"end":{"line":20,"column":5}},"type":"if","locations":[{"start":{"line":10,"column":4},"end":{"line":20,"column":5}},{"start":{"line":10,"column":4},"end":{"line":20,"column":5}}],"line":10},"2":{"loc":{"start":{"line":16,"column":11},"end":{"line":20,"column":5}},"type":"if","locations":[{"start":{"line":16,"column":11},"end":{"line":20,"column":5}},{"start":{"line":16,"column":11},"end":{"line":20,"column":5}}],"line":16}},"s":{"0":1,"1":1,"2":37,"3":37,"4":1,"5":53,"6":2,"7":2,"8":51,"9":51},"f":{"0":37,"1":53},"b":{"0":[37,0],"1":[2,51],"2":[51,0]},"_coverageSchema":"43e27e138ebf9cfc5966b082cf9a028302ed4184","hash":"7876c83619fe9cc3d9082244eee7b8488574faee"}
,"/home/maytezhou/Desktop/MD-LINKS/LIM009-fe-md-links/src/read-controller.js": {"path":"/home/maytezhou/Desktop/MD-LINKS/LIM009-fe-md-links/src/read-controller.js","statementMap":{"0":{"start":{"line":3,"column":11},"end":{"line":3,"column":24}},"1":{"start":{"line":6,"column":35},"end":{"line":9,"column":1}},"2":{"start":{"line":7,"column":17},"end":{"line":7,"column":34}},"3":{"start":{"line":8,"column":4},"end":{"line":8,"column":16}},"4":{"start":{"line":13,"column":24},"end":{"line":16,"column":1}},"5":{"start":{"line":14,"column":24},"end":{"line":14,"column":53}},"6":{"start":{"line":15,"column":4},"end":{"line":15,"column":23}},"7":{"start":{"line":19,"column":23},"end":{"line":22,"column":1}},"8":{"start":{"line":20,"column":29},"end":{"line":20,"column":57}},"9":{"start":{"line":21,"column":4},"end":{"line":21,"column":28}}},"fnMap":{"0":{"name":"(anonymous_0)","decl":{"start":{"line":6,"column":35},"end":{"line":6,"column":36}},"loc":{"start":{"line":6,"column":45},"end":{"line":9,"column":1}},"line":6},"1":{"name":"(anonymous_1)","decl":{"start":{"line":13,"column":24},"end":{"line":13,"column":25}},"loc":{"start":{"line":13,"column":34},"end":{"line":16,"column":1}},"line":13},"2":{"name":"(anonymous_2)","decl":{"start":{"line":19,"column":23},"end":{"line":19,"column":24}},"loc":{"start":{"line":19,"column":33},"end":{"line":22,"column":1}},"line":19}},"branchMap":{},"s":{"0":1,"1":1,"2":104,"3":104,"4":1,"5":37,"6":37,"7":1,"8":17,"9":17},"f":{"0":104,"1":37,"2":17},"b":{},"_coverageSchema":"43e27e138ebf9cfc5966b082cf9a028302ed4184","hash":"21defdd4fb36bf1a879109fbac16b53164f0066f"}
}
