{"/home/maytezhou/Desktop/MD-LINKS/LIM009-fe-md-links/src/cli.js": {"path":"/home/maytezhou/Desktop/MD-LINKS/LIM009-fe-md-links/src/cli.js","statementMap":{"0":{"start":{"line":20,"column":16},"end":{"line":20,"column":28}},"1":{"start":{"line":23,"column":20},"end":{"line":25,"column":1}},"2":{"start":{"line":24,"column":4},"end":{"line":24,"column":23}},"3":{"start":{"line":28,"column":31},"end":{"line":28,"column":51}},"4":{"start":{"line":31,"column":17},"end":{"line":33,"column":1}},"5":{"start":{"line":32,"column":4},"end":{"line":32,"column":22}},"6":{"start":{"line":36,"column":28},"end":{"line":36,"column":45}},"7":{"start":{"line":38,"column":17},"end":{"line":40,"column":1}},"8":{"start":{"line":39,"column":4},"end":{"line":39,"column":22}},"9":{"start":{"line":41,"column":28},"end":{"line":41,"column":45}},"10":{"start":{"line":46,"column":16},"end":{"line":48,"column":1}},"11":{"start":{"line":49,"column":19},"end":{"line":98,"column":1}},"12":{"start":{"line":52,"column":4},"end":{"line":96,"column":5}},"13":{"start":{"line":54,"column":8},"end":{"line":54,"column":31}},"14":{"start":{"line":55,"column":8},"end":{"line":63,"column":11}},"15":{"start":{"line":57,"column":35},"end":{"line":60,"column":18}},"16":{"start":{"line":59,"column":20},"end":{"line":59,"column":113}},"17":{"start":{"line":62,"column":12},"end":{"line":62,"column":45}},"18":{"start":{"line":65,"column":11},"end":{"line":96,"column":5}},"19":{"start":{"line":66,"column":8},"end":{"line":66,"column":33}},"20":{"start":{"line":67,"column":8},"end":{"line":77,"column":10}},"21":{"start":{"line":69,"column":35},"end":{"line":72,"column":14}},"22":{"start":{"line":71,"column":16},"end":{"line":71,"column":63}},"23":{"start":{"line":74,"column":27},"end":{"line":74,"column":72}},"24":{"start":{"line":76,"column":12},"end":{"line":76,"column":26}},"25":{"start":{"line":78,"column":11},"end":{"line":96,"column":5}},"26":{"start":{"line":79,"column":8},"end":{"line":79,"column":33}},"27":{"start":{"line":80,"column":8},"end":{"line":84,"column":10}},"28":{"start":{"line":83,"column":12},"end":{"line":83,"column":97}},"29":{"start":{"line":86,"column":11},"end":{"line":96,"column":5}},"30":{"start":{"line":89,"column":8},"end":{"line":89,"column":32}},"31":{"start":{"line":90,"column":8},"end":{"line":94,"column":10}},"32":{"start":{"line":93,"column":12},"end":{"line":93,"column":136}}},"fnMap":{"0":{"name":"(anonymous_0)","decl":{"start":{"line":23,"column":20},"end":{"line":23,"column":21}},"loc":{"start":{"line":23,"column":34},"end":{"line":25,"column":1}},"line":23},"1":{"name":"(anonymous_1)","decl":{"start":{"line":31,"column":17},"end":{"line":31,"column":18}},"loc":{"start":{"line":31,"column":30},"end":{"line":33,"column":1}},"line":31},"2":{"name":"(anonymous_2)","decl":{"start":{"line":38,"column":17},"end":{"line":38,"column":18}},"loc":{"start":{"line":38,"column":30},"end":{"line":40,"column":1}},"line":38},"3":{"name":"(anonymous_3)","decl":{"start":{"line":49,"column":19},"end":{"line":49,"column":20}},"loc":{"start":{"line":49,"column":47},"end":{"line":98,"column":1}},"line":49},"4":{"name":"(anonymous_4)","decl":{"start":{"line":55,"column":43},"end":{"line":55,"column":44}},"loc":{"start":{"line":55,"column":57},"end":{"line":63,"column":9}},"line":55},"5":{"name":"(anonymous_5)","decl":{"start":{"line":57,"column":48},"end":{"line":57,"column":49}},"loc":{"start":{"line":57,"column":57},"end":{"line":60,"column":17}},"line":57},"6":{"name":"(anonymous_6)","decl":{"start":{"line":67,"column":43},"end":{"line":67,"column":44}},"loc":{"start":{"line":67,"column":57},"end":{"line":77,"column":9}},"line":67},"7":{"name":"(anonymous_7)","decl":{"start":{"line":69,"column":48},"end":{"line":69,"column":49}},"loc":{"start":{"line":69,"column":55},"end":{"line":72,"column":13}},"line":69},"8":{"name":"(anonymous_8)","decl":{"start":{"line":80,"column":43},"end":{"line":80,"column":44}},"loc":{"start":{"line":80,"column":57},"end":{"line":84,"column":9}},"line":80},"9":{"name":"(anonymous_9)","decl":{"start":{"line":90,"column":43},"end":{"line":90,"column":44}},"loc":{"start":{"line":90,"column":57},"end":{"line":94,"column":9}},"line":90}},"branchMap":{"0":{"loc":{"start":{"line":52,"column":4},"end":{"line":96,"column":5}},"type":"if","locations":[{"start":{"line":52,"column":4},"end":{"line":96,"column":5}},{"start":{"line":52,"column":4},"end":{"line":96,"column":5}}],"line":52},"1":{"loc":{"start":{"line":52,"column":8},"end":{"line":52,"column":77}},"type":"binary-expr","locations":[{"start":{"line":52,"column":8},"end":{"line":52,"column":26}},{"start":{"line":52,"column":30},"end":{"line":52,"column":53}},{"start":{"line":52,"column":57},"end":{"line":52,"column":77}}],"line":52},"2":{"loc":{"start":{"line":59,"column":54},"end":{"line":59,"column":84}},"type":"cond-expr","locations":[{"start":{"line":59,"column":71},"end":{"line":59,"column":77}},{"start":{"line":59,"column":78},"end":{"line":59,"column":84}}],"line":59},"3":{"loc":{"start":{"line":65,"column":11},"end":{"line":96,"column":5}},"type":"if","locations":[{"start":{"line":65,"column":11},"end":{"line":96,"column":5}},{"start":{"line":65,"column":11},"end":{"line":96,"column":5}}],"line":65},"4":{"loc":{"start":{"line":65,"column":15},"end":{"line":65,"column":81}},"type":"binary-expr","locations":[{"start":{"line":65,"column":15},"end":{"line":65,"column":33}},{"start":{"line":65,"column":37},"end":{"line":65,"column":57}},{"start":{"line":65,"column":61},"end":{"line":65,"column":81}}],"line":65},"5":{"loc":{"start":{"line":78,"column":11},"end":{"line":96,"column":5}},"type":"if","locations":[{"start":{"line":78,"column":11},"end":{"line":96,"column":5}},{"start":{"line":78,"column":11},"end":{"line":96,"column":5}}],"line":78},"6":{"loc":{"start":{"line":78,"column":15},"end":{"line":78,"column":81}},"type":"binary-expr","locations":[{"start":{"line":78,"column":15},"end":{"line":78,"column":33}},{"start":{"line":78,"column":37},"end":{"line":78,"column":57}},{"start":{"line":78,"column":61},"end":{"line":78,"column":81}}],"line":78},"7":{"loc":{"start":{"line":86,"column":11},"end":{"line":96,"column":5}},"type":"if","locations":[{"start":{"line":86,"column":11},"end":{"line":96,"column":5}},{"start":{"line":86,"column":11},"end":{"line":96,"column":5}}],"line":86},"8":{"loc":{"start":{"line":86,"column":15},"end":{"line":87,"column":77}},"type":"binary-expr","locations":[{"start":{"line":86,"column":15},"end":{"line":86,"column":33}},{"start":{"line":86,"column":37},"end":{"line":86,"column":57}},{"start":{"line":86,"column":61},"end":{"line":86,"column":84}},{"start":{"line":87,"column":8},"end":{"line":87,"column":26}},{"start":{"line":87,"column":30},"end":{"line":87,"column":53}},{"start":{"line":87,"column":57},"end":{"line":87,"column":77}}],"line":86}},"s":{"0":1,"1":1,"2":1,"3":1,"4":1,"5":1,"6":1,"7":1,"8":1,"9":1,"10":1,"11":1,"12":5,"13":1,"14":1,"15":1,"16":28,"17":1,"18":4,"19":1,"20":1,"21":1,"22":28,"23":1,"24":1,"25":3,"26":1,"27":1,"28":1,"29":2,"30":2,"31":2,"32":2},"f":{"0":1,"1":1,"2":1,"3":5,"4":1,"5":28,"6":1,"7":28,"8":1,"9":2},"b":{"0":[1,4],"1":[5,5,2],"2":[1,27],"3":[1,3],"4":[4,4,1],"5":[1,2],"6":[3,3,2],"7":[2,0],"8":[2,2,1,1,1,1]},"_coverageSchema":"43e27e138ebf9cfc5966b082cf9a028302ed4184","hash":"e566e953106ee11e505881185c84972ebde41223"}
,"/home/maytezhou/Desktop/MD-LINKS/LIM009-fe-md-links/src/index.js": {"path":"/home/maytezhou/Desktop/MD-LINKS/LIM009-fe-md-links/src/index.js","statementMap":{"0":{"start":{"line":3,"column":15},"end":{"line":3,"column":32}},"1":{"start":{"line":7,"column":14},"end":{"line":7,"column":35}},"2":{"start":{"line":37,"column":41},"end":{"line":59,"column":1}},"3":{"start":{"line":38,"column":33},"end":{"line":38,"column":35}},"4":{"start":{"line":39,"column":25},"end":{"line":39,"column":51}},"5":{"start":{"line":40,"column":4},"end":{"line":45,"column":5}},"6":{"start":{"line":42,"column":33},"end":{"line":42,"column":73}},"7":{"start":{"line":44,"column":8},"end":{"line":44,"column":54}},"8":{"start":{"line":46,"column":4},"end":{"line":56,"column":5}},"9":{"start":{"line":48,"column":43},"end":{"line":48,"column":64}},"10":{"start":{"line":50,"column":8},"end":{"line":55,"column":11}},"11":{"start":{"line":51,"column":36},"end":{"line":51,"column":68}},"12":{"start":{"line":52,"column":25},"end":{"line":52,"column":67}},"13":{"start":{"line":54,"column":12},"end":{"line":54,"column":74}},"14":{"start":{"line":58,"column":4},"end":{"line":58,"column":34}},"15":{"start":{"line":61,"column":38},"end":{"line":76,"column":1}},"16":{"start":{"line":62,"column":17},"end":{"line":62,"column":19}},"17":{"start":{"line":64,"column":4},"end":{"line":73,"column":10}},"18":{"start":{"line":65,"column":36},"end":{"line":65,"column":65}},"19":{"start":{"line":67,"column":27},"end":{"line":67,"column":50}},"20":{"start":{"line":68,"column":12},"end":{"line":71,"column":14}},"21":{"start":{"line":69,"column":16},"end":{"line":69,"column":59}},"22":{"start":{"line":72,"column":12},"end":{"line":72,"column":62}},"23":{"start":{"line":75,"column":4},"end":{"line":75,"column":18}},"24":{"start":{"line":84,"column":29},"end":{"line":88,"column":1}},"25":{"start":{"line":87,"column":4},"end":{"line":87,"column":18}},"26":{"start":{"line":89,"column":33},"end":{"line":103,"column":1}},"27":{"start":{"line":91,"column":22},"end":{"line":100,"column":6}},"28":{"start":{"line":93,"column":8},"end":{"line":98,"column":10}},"29":{"start":{"line":94,"column":12},"end":{"line":94,"column":41}},"30":{"start":{"line":95,"column":12},"end":{"line":95,"column":41}},"31":{"start":{"line":97,"column":12},"end":{"line":97,"column":23}},"32":{"start":{"line":102,"column":4},"end":{"line":102,"column":34}},"33":{"start":{"line":106,"column":23},"end":{"line":120,"column":1}},"34":{"start":{"line":107,"column":4},"end":{"line":118,"column":5}},"35":{"start":{"line":108,"column":8},"end":{"line":111,"column":10}},"36":{"start":{"line":109,"column":12},"end":{"line":109,"column":77}},"37":{"start":{"line":114,"column":8},"end":{"line":117,"column":10}},"38":{"start":{"line":115,"column":12},"end":{"line":115,"column":96}},"39":{"start":{"line":122,"column":16},"end":{"line":191,"column":1}},"40":{"start":{"line":193,"column":34},"end":{"line":209,"column":1}},"41":{"start":{"line":194,"column":19},"end":{"line":194,"column":20}},"42":{"start":{"line":195,"column":29},"end":{"line":195,"column":31}},"43":{"start":{"line":196,"column":4},"end":{"line":202,"column":10}},"44":{"start":{"line":197,"column":12},"end":{"line":199,"column":13}},"45":{"start":{"line":198,"column":16},"end":{"line":198,"column":47}},"46":{"start":{"line":204,"column":4},"end":{"line":206,"column":10}},"47":{"start":{"line":205,"column":12},"end":{"line":205,"column":22}},"48":{"start":{"line":208,"column":4},"end":{"line":208,"column":19}},"49":{"start":{"line":210,"column":34},"end":{"line":221,"column":1}},"50":{"start":{"line":211,"column":19},"end":{"line":211,"column":20}},"51":{"start":{"line":213,"column":4},"end":{"line":218,"column":10}},"52":{"start":{"line":215,"column":12},"end":{"line":217,"column":13}},"53":{"start":{"line":216,"column":16},"end":{"line":216,"column":26}},"54":{"start":{"line":220,"column":4},"end":{"line":220,"column":19}},"55":{"start":{"line":223,"column":33},"end":{"line":233,"column":1}},"56":{"start":{"line":224,"column":19},"end":{"line":224,"column":20}},"57":{"start":{"line":226,"column":4},"end":{"line":230,"column":10}},"58":{"start":{"line":228,"column":12},"end":{"line":228,"column":22}},"59":{"start":{"line":232,"column":4},"end":{"line":232,"column":19}}},"fnMap":{"0":{"name":"(anonymous_0)","decl":{"start":{"line":37,"column":41},"end":{"line":37,"column":42}},"loc":{"start":{"line":37,"column":52},"end":{"line":59,"column":1}},"line":37},"1":{"name":"(anonymous_1)","decl":{"start":{"line":50,"column":43},"end":{"line":50,"column":44}},"loc":{"start":{"line":50,"column":60},"end":{"line":55,"column":9}},"line":50},"2":{"name":"(anonymous_2)","decl":{"start":{"line":61,"column":38},"end":{"line":61,"column":39}},"loc":{"start":{"line":61,"column":52},"end":{"line":76,"column":1}},"line":61},"3":{"name":"(anonymous_3)","decl":{"start":{"line":64,"column":21},"end":{"line":64,"column":22}},"loc":{"start":{"line":64,"column":35},"end":{"line":73,"column":9}},"line":64},"4":{"name":"(anonymous_4)","decl":{"start":{"line":68,"column":28},"end":{"line":68,"column":29}},"loc":{"start":{"line":68,"column":47},"end":{"line":71,"column":13}},"line":68},"5":{"name":"(anonymous_5)","decl":{"start":{"line":84,"column":29},"end":{"line":84,"column":30}},"loc":{"start":{"line":84,"column":41},"end":{"line":88,"column":1}},"line":84},"6":{"name":"(anonymous_6)","decl":{"start":{"line":89,"column":33},"end":{"line":89,"column":34}},"loc":{"start":{"line":89,"column":54},"end":{"line":103,"column":1}},"line":89},"7":{"name":"(anonymous_7)","decl":{"start":{"line":91,"column":33},"end":{"line":91,"column":34}},"loc":{"start":{"line":91,"column":42},"end":{"line":100,"column":5}},"line":91},"8":{"name":"(anonymous_8)","decl":{"start":{"line":93,"column":36},"end":{"line":93,"column":37}},"loc":{"start":{"line":93,"column":50},"end":{"line":98,"column":9}},"line":93},"9":{"name":"(anonymous_9)","decl":{"start":{"line":106,"column":23},"end":{"line":106,"column":24}},"loc":{"start":{"line":106,"column":38},"end":{"line":120,"column":1}},"line":106},"10":{"name":"(anonymous_10)","decl":{"start":{"line":108,"column":27},"end":{"line":108,"column":28}},"loc":{"start":{"line":108,"column":48},"end":{"line":111,"column":9}},"line":108},"11":{"name":"(anonymous_11)","decl":{"start":{"line":114,"column":27},"end":{"line":114,"column":28}},"loc":{"start":{"line":114,"column":48},"end":{"line":117,"column":9}},"line":114},"12":{"name":"(anonymous_12)","decl":{"start":{"line":193,"column":34},"end":{"line":193,"column":35}},"loc":{"start":{"line":193,"column":46},"end":{"line":209,"column":1}},"line":193},"13":{"name":"(anonymous_13)","decl":{"start":{"line":196,"column":19},"end":{"line":196,"column":20}},"loc":{"start":{"line":196,"column":28},"end":{"line":202,"column":9}},"line":196},"14":{"name":"(anonymous_14)","decl":{"start":{"line":204,"column":29},"end":{"line":204,"column":30}},"loc":{"start":{"line":204,"column":39},"end":{"line":206,"column":9}},"line":204},"15":{"name":"(anonymous_15)","decl":{"start":{"line":210,"column":34},"end":{"line":210,"column":35}},"loc":{"start":{"line":210,"column":46},"end":{"line":221,"column":1}},"line":210},"16":{"name":"(anonymous_16)","decl":{"start":{"line":213,"column":19},"end":{"line":213,"column":20}},"loc":{"start":{"line":213,"column":28},"end":{"line":218,"column":9}},"line":213},"17":{"name":"(anonymous_17)","decl":{"start":{"line":223,"column":33},"end":{"line":223,"column":34}},"loc":{"start":{"line":223,"column":45},"end":{"line":233,"column":1}},"line":223},"18":{"name":"(anonymous_18)","decl":{"start":{"line":226,"column":19},"end":{"line":226,"column":20}},"loc":{"start":{"line":226,"column":28},"end":{"line":230,"column":9}},"line":226}},"branchMap":{"0":{"loc":{"start":{"line":40,"column":4},"end":{"line":45,"column":5}},"type":"if","locations":[{"start":{"line":40,"column":4},"end":{"line":45,"column":5}},{"start":{"line":40,"column":4},"end":{"line":45,"column":5}}],"line":40},"1":{"loc":{"start":{"line":46,"column":4},"end":{"line":56,"column":5}},"type":"if","locations":[{"start":{"line":46,"column":4},"end":{"line":56,"column":5}},{"start":{"line":46,"column":4},"end":{"line":56,"column":5}}],"line":46},"2":{"loc":{"start":{"line":107,"column":4},"end":{"line":118,"column":5}},"type":"if","locations":[{"start":{"line":107,"column":4},"end":{"line":118,"column":5}},{"start":{"line":107,"column":4},"end":{"line":118,"column":5}}],"line":107},"3":{"loc":{"start":{"line":197,"column":12},"end":{"line":199,"column":13}},"type":"if","locations":[{"start":{"line":197,"column":12},"end":{"line":199,"column":13}},{"start":{"line":197,"column":12},"end":{"line":199,"column":13}}],"line":197},"4":{"loc":{"start":{"line":215,"column":12},"end":{"line":217,"column":13}},"type":"if","locations":[{"start":{"line":215,"column":12},"end":{"line":217,"column":13}},{"start":{"line":215,"column":12},"end":{"line":217,"column":13}}],"line":215}},"s":{"0":1,"1":1,"2":1,"3":130,"4":130,"5":130,"6":90,"7":90,"8":130,"9":40,"10":40,"11":120,"12":120,"13":120,"14":130,"15":1,"16":10,"17":10,"18":90,"19":90,"20":90,"21":280,"22":90,"23":10,"24":1,"25":0,"26":1,"27":5,"28":120,"29":120,"30":120,"31":120,"32":5,"33":1,"34":7,"35":3,"36":3,"37":4,"38":4,"39":1,"40":1,"41":4,"42":4,"43":4,"44":94,"45":64,"46":4,"47":64,"48":4,"49":1,"50":3,"51":3,"52":66,"53":4,"54":3,"55":1,"56":4,"57":4,"58":94,"59":4},"f":{"0":130,"1":120,"2":10,"3":90,"4":280,"5":0,"6":5,"7":120,"8":120,"9":7,"10":3,"11":4,"12":4,"13":94,"14":64,"15":3,"16":66,"17":4,"18":94},"b":{"0":[90,40],"1":[40,90],"2":[3,4],"3":[64,30],"4":[4,62]},"_coverageSchema":"43e27e138ebf9cfc5966b082cf9a028302ed4184","hash":"0cba8e2c317d34c6857a4fd73b58c9973e931952"}
,"/home/maytezhou/Desktop/MD-LINKS/LIM009-fe-md-links/src/path.js": {"path":"/home/maytezhou/Desktop/MD-LINKS/LIM009-fe-md-links/src/path.js","statementMap":{"0":{"start":{"line":1,"column":13},"end":{"line":1,"column":28}},"1":{"start":{"line":2,"column":42},"end":{"line":8,"column":1}},"2":{"start":{"line":4,"column":4},"end":{"line":6,"column":5}},"3":{"start":{"line":5,"column":8},"end":{"line":5,"column":28}},"4":{"start":{"line":9,"column":35},"end":{"line":21,"column":1}},"5":{"start":{"line":10,"column":4},"end":{"line":20,"column":5}},"6":{"start":{"line":14,"column":29},"end":{"line":14,"column":48}},"7":{"start":{"line":15,"column":8},"end":{"line":15,"column":28}},"8":{"start":{"line":16,"column":11},"end":{"line":20,"column":5}},"9":{"start":{"line":19,"column":8},"end":{"line":19,"column":20}}},"fnMap":{"0":{"name":"(anonymous_0)","decl":{"start":{"line":2,"column":42},"end":{"line":2,"column":43}},"loc":{"start":{"line":2,"column":60},"end":{"line":8,"column":1}},"line":2},"1":{"name":"(anonymous_1)","decl":{"start":{"line":9,"column":35},"end":{"line":9,"column":36}},"loc":{"start":{"line":9,"column":46},"end":{"line":21,"column":1}},"line":9}},"branchMap":{"0":{"loc":{"start":{"line":4,"column":4},"end":{"line":6,"column":5}},"type":"if","locations":[{"start":{"line":4,"column":4},"end":{"line":6,"column":5}},{"start":{"line":4,"column":4},"end":{"line":6,"column":5}}],"line":4},"1":{"loc":{"start":{"line":10,"column":4},"end":{"line":20,"column":5}},"type":"if","locations":[{"start":{"line":10,"column":4},"end":{"line":20,"column":5}},{"start":{"line":10,"column":4},"end":{"line":20,"column":5}}],"line":10},"2":{"loc":{"start":{"line":16,"column":11},"end":{"line":20,"column":5}},"type":"if","locations":[{"start":{"line":16,"column":11},"end":{"line":20,"column":5}},{"start":{"line":16,"column":11},"end":{"line":20,"column":5}}],"line":16}},"s":{"0":1,"1":1,"2":91,"3":91,"4":1,"5":132,"6":1,"7":1,"8":131,"9":131},"f":{"0":91,"1":132},"b":{"0":[91,0],"1":[1,131],"2":[131,0]},"_coverageSchema":"43e27e138ebf9cfc5966b082cf9a028302ed4184","hash":"7876c83619fe9cc3d9082244eee7b8488574faee"}
,"/home/maytezhou/Desktop/MD-LINKS/LIM009-fe-md-links/src/read-controller.js": {"path":"/home/maytezhou/Desktop/MD-LINKS/LIM009-fe-md-links/src/read-controller.js","statementMap":{"0":{"start":{"line":3,"column":11},"end":{"line":3,"column":24}},"1":{"start":{"line":6,"column":35},"end":{"line":9,"column":1}},"2":{"start":{"line":7,"column":17},"end":{"line":7,"column":34}},"3":{"start":{"line":8,"column":4},"end":{"line":8,"column":16}},"4":{"start":{"line":13,"column":24},"end":{"line":16,"column":1}},"5":{"start":{"line":14,"column":24},"end":{"line":14,"column":53}},"6":{"start":{"line":15,"column":4},"end":{"line":15,"column":23}},"7":{"start":{"line":19,"column":23},"end":{"line":22,"column":1}},"8":{"start":{"line":20,"column":29},"end":{"line":20,"column":57}},"9":{"start":{"line":21,"column":4},"end":{"line":21,"column":28}}},"fnMap":{"0":{"name":"(anonymous_0)","decl":{"start":{"line":6,"column":35},"end":{"line":6,"column":36}},"loc":{"start":{"line":6,"column":45},"end":{"line":9,"column":1}},"line":6},"1":{"name":"(anonymous_1)","decl":{"start":{"line":13,"column":24},"end":{"line":13,"column":25}},"loc":{"start":{"line":13,"column":34},"end":{"line":16,"column":1}},"line":13},"2":{"name":"(anonymous_2)","decl":{"start":{"line":19,"column":23},"end":{"line":19,"column":24}},"loc":{"start":{"line":19,"column":33},"end":{"line":22,"column":1}},"line":19}},"branchMap":{},"s":{"0":1,"1":1,"2":260,"3":260,"4":1,"5":91,"6":91,"7":1,"8":41,"9":41},"f":{"0":260,"1":91,"2":41},"b":{},"_coverageSchema":"43e27e138ebf9cfc5966b082cf9a028302ed4184","hash":"21defdd4fb36bf1a879109fbac16b53164f0066f"}
}
