TN:
SF:/home/maytezhou/Desktop/MD-LINKS/LIM009-fe-md-links/src/cli.js
FN:23,(anonymous_0)
FN:31,(anonymous_1)
FN:38,(anonymous_2)
FN:49,(anonymous_3)
FN:55,(anonymous_4)
FN:57,(anonymous_5)
FN:69,(anonymous_6)
FN:71,(anonymous_7)
FN:82,(anonymous_8)
FN:92,(anonymous_9)
FNF:10
FNH:10
FNDA:3,(anonymous_0)
FNDA:3,(anonymous_1)
FNDA:3,(anonymous_2)
FNDA:5,(anonymous_3)
FNDA:1,(anonymous_4)
FNDA:5,(anonymous_5)
FNDA:1,(anonymous_6)
FNDA:5,(anonymous_7)
FNDA:1,(anonymous_8)
FNDA:2,(anonymous_9)
DA:20,3
DA:23,3
DA:24,3
DA:28,3
DA:31,3
DA:32,3
DA:36,3
DA:38,3
DA:39,3
DA:41,3
DA:46,3
DA:49,3
DA:52,5
DA:54,1
DA:55,1
DA:57,1
DA:59,5
DA:62,1
DA:64,1
DA:67,4
DA:68,1
DA:69,1
DA:71,1
DA:73,5
DA:76,1
DA:78,1
DA:80,3
DA:81,1
DA:82,1
DA:85,1
DA:88,2
DA:91,2
DA:92,2
DA:95,2
LF:34
LH:34
BRDA:52,0,0,1
BRDA:52,0,1,4
BRDA:52,1,0,5
BRDA:52,1,1,5
BRDA:52,1,2,2
BRDA:59,2,0,1
BRDA:59,2,1,4
BRDA:67,3,0,1
BRDA:67,3,1,3
BRDA:67,4,0,4
BRDA:67,4,1,4
BRDA:67,4,2,1
BRDA:80,5,0,1
BRDA:80,5,1,2
BRDA:80,6,0,3
BRDA:80,6,1,3
BRDA:80,6,2,2
BRDA:88,7,0,2
BRDA:88,7,1,0
BRDA:88,8,0,2
BRDA:88,8,1,2
BRDA:88,8,2,1
BRDA:88,8,3,1
BRDA:88,8,4,1
BRDA:88,8,5,1
BRF:25
BRH:24
end_of_record
TN:
SF:/home/maytezhou/Desktop/MD-LINKS/LIM009-fe-md-links/src/index.js
FN:37,(anonymous_0)
FN:50,(anonymous_1)
FN:61,(anonymous_2)
FN:64,(anonymous_3)
FN:68,(anonymous_4)
FN:85,(anonymous_5)
FN:87,(anonymous_6)
FN:90,(anonymous_7)
FN:108,(anonymous_8)
FN:110,(anonymous_9)
FN:116,(anonymous_10)
FN:195,(anonymous_11)
FN:198,(anonymous_12)
FN:206,(anonymous_13)
FN:212,(anonymous_14)
FN:215,(anonymous_15)
FN:225,(anonymous_16)
FN:228,(anonymous_17)
FNF:18
FNH:18
FNDA:130,(anonymous_0)
FNDA:120,(anonymous_1)
FNDA:10,(anonymous_2)
FNDA:90,(anonymous_3)
FNDA:50,(anonymous_4)
FNDA:6,(anonymous_5)
FNDA:30,(anonymous_6)
FNDA:30,(anonymous_7)
FNDA:7,(anonymous_8)
FNDA:3,(anonymous_9)
FNDA:4,(anonymous_10)
FNDA:4,(anonymous_11)
FNDA:25,(anonymous_12)
FNDA:22,(anonymous_13)
FNDA:3,(anonymous_14)
FNDA:20,(anonymous_15)
FNDA:4,(anonymous_16)
FNDA:25,(anonymous_17)
DA:3,3
DA:7,3
DA:37,3
DA:38,130
DA:39,130
DA:40,130
DA:42,90
DA:44,90
DA:46,130
DA:48,40
DA:50,40
DA:51,120
DA:52,120
DA:54,120
DA:58,130
DA:61,3
DA:62,10
DA:64,10
DA:65,90
DA:67,90
DA:68,90
DA:69,50
DA:72,90
DA:75,10
DA:85,3
DA:87,6
DA:89,30
DA:90,30
DA:91,30
DA:92,30
DA:94,30
DA:97,0
DA:98,0
DA:99,0
DA:103,6
DA:108,3
DA:109,7
DA:110,3
DA:111,3
DA:116,4
DA:117,4
DA:124,3
DA:195,3
DA:196,4
DA:197,4
DA:198,4
DA:199,25
DA:200,22
DA:206,4
DA:207,22
DA:210,4
DA:212,3
DA:213,3
DA:215,3
DA:217,20
DA:218,4
DA:222,3
DA:225,3
DA:226,4
DA:228,4
DA:230,25
DA:234,4
LF:62
LH:59
BRDA:40,0,0,90
BRDA:40,0,1,40
BRDA:46,1,0,40
BRDA:46,1,1,90
BRDA:109,2,0,3
BRDA:109,2,1,4
BRDA:199,3,0,22
BRDA:199,3,1,3
BRDA:217,4,0,4
BRDA:217,4,1,16
BRF:10
BRH:10
end_of_record
TN:
SF:/home/maytezhou/Desktop/MD-LINKS/LIM009-fe-md-links/src/path.js
FN:2,(anonymous_0)
FN:9,(anonymous_1)
FNF:2
FNH:2
FNDA:91,(anonymous_0)
FNDA:132,(anonymous_1)
DA:1,3
DA:2,3
DA:4,91
DA:5,91
DA:9,3
DA:10,132
DA:14,1
DA:15,1
DA:16,131
DA:19,131
LF:10
LH:10
BRDA:4,0,0,91
BRDA:4,0,1,0
BRDA:10,1,0,1
BRDA:10,1,1,131
BRDA:16,2,0,131
BRDA:16,2,1,0
BRF:6
BRH:4
end_of_record
TN:
SF:/home/maytezhou/Desktop/MD-LINKS/LIM009-fe-md-links/src/read-controller.js
FN:6,(anonymous_0)
FN:13,(anonymous_1)
FN:19,(anonymous_2)
FNF:3
FNH:3
FNDA:260,(anonymous_0)
FNDA:91,(anonymous_1)
FNDA:41,(anonymous_2)
DA:3,4
DA:6,4
DA:7,260
DA:8,260
DA:13,4
DA:14,91
DA:15,91
DA:19,4
DA:20,41
DA:21,41
LF:10
LH:10
BRF:0
BRH:0
end_of_record
