TN:
SF:/home/maytezhou/Desktop/MD-LINKS/LIM009-fe-md-links/src/cli.js
FN:23,(anonymous_0)
FN:31,(anonymous_1)
FN:38,(anonymous_2)
FN:49,(anonymous_3)
FN:55,(anonymous_4)
FN:57,(anonymous_5)
FN:67,(anonymous_6)
FN:69,(anonymous_7)
FN:78,(anonymous_8)
FN:88,(anonymous_9)
FNF:10
FNH:10
FNDA:2,(anonymous_0)
FNDA:2,(anonymous_1)
FNDA:2,(anonymous_2)
FNDA:5,(anonymous_3)
FNDA:1,(anonymous_4)
FNDA:28,(anonymous_5)
FNDA:1,(anonymous_6)
FNDA:28,(anonymous_7)
FNDA:1,(anonymous_8)
FNDA:2,(anonymous_9)
DA:20,2
DA:23,2
DA:24,2
DA:28,2
DA:31,2
DA:32,2
DA:36,2
DA:38,2
DA:39,2
DA:41,2
DA:46,2
DA:49,2
DA:52,5
DA:54,1
DA:55,1
DA:57,1
DA:59,28
DA:61,1
DA:62,1
DA:65,4
DA:66,1
DA:67,1
DA:69,1
DA:71,28
DA:73,1
DA:74,1
DA:76,3
DA:77,1
DA:78,1
DA:80,1
DA:81,1
DA:84,2
DA:87,2
DA:88,2
DA:90,2
DA:91,2
LF:36
LH:36
BRDA:52,0,0,1
BRDA:52,0,1,4
BRDA:52,1,0,5
BRDA:52,1,1,5
BRDA:52,1,2,2
BRDA:59,2,0,1
BRDA:59,2,1,27
BRDA:65,3,0,1
BRDA:65,3,1,3
BRDA:65,4,0,4
BRDA:65,4,1,4
BRDA:65,4,2,1
BRDA:76,5,0,1
BRDA:76,5,1,2
BRDA:76,6,0,3
BRDA:76,6,1,3
BRDA:76,6,2,2
BRDA:84,7,0,2
BRDA:84,7,1,0
BRDA:84,8,0,2
BRDA:84,8,1,2
BRDA:84,8,2,1
BRDA:84,8,3,1
BRDA:84,8,4,1
BRDA:84,8,5,1
BRF:25
BRH:24
end_of_record
TN:
SF:/home/maytezhou/Desktop/MD-LINKS/LIM009-fe-md-links/src/index.js
FN:37,(anonymous_0)
FN:50,(anonymous_1)
FN:61,(anonymous_2)
FN:64,(anonymous_3)
FN:68,(anonymous_4)
FN:84,(anonymous_5)
FN:86,(anonymous_6)
FN:88,(anonymous_7)
FN:101,(anonymous_8)
FN:103,(anonymous_9)
FN:109,(anonymous_10)
FN:188,(anonymous_11)
FN:191,(anonymous_12)
FN:199,(anonymous_13)
FN:205,(anonymous_14)
FN:208,(anonymous_15)
FN:218,(anonymous_16)
FN:221,(anonymous_17)
FNF:18
FNH:18
FNDA:156,(anonymous_0)
FNDA:144,(anonymous_1)
FNDA:12,(anonymous_2)
FNDA:108,(anonymous_3)
FNDA:336,(anonymous_4)
FNDA:6,(anonymous_5)
FNDA:128,(anonymous_6)
FNDA:128,(anonymous_7)
FNDA:8,(anonymous_8)
FNDA:4,(anonymous_9)
FNDA:4,(anonymous_10)
FNDA:8,(anonymous_11)
FNDA:188,(anonymous_12)
FNDA:128,(anonymous_13)
FNDA:5,(anonymous_14)
FNDA:122,(anonymous_15)
FNDA:7,(anonymous_16)
FNDA:178,(anonymous_17)
DA:3,2
DA:7,2
DA:37,2
DA:38,156
DA:39,156
DA:40,156
DA:42,108
DA:44,108
DA:46,156
DA:48,48
DA:50,48
DA:51,144
DA:52,144
DA:54,144
DA:58,156
DA:61,2
DA:62,12
DA:64,12
DA:65,108
DA:67,108
DA:68,108
DA:69,336
DA:72,108
DA:75,12
DA:84,2
DA:86,6
DA:88,128
DA:89,128
DA:90,128
DA:92,128
DA:97,6
DA:101,2
DA:102,8
DA:103,4
DA:104,4
DA:109,4
DA:110,4
DA:117,2
DA:188,2
DA:189,8
DA:190,8
DA:191,8
DA:192,188
DA:193,128
DA:199,8
DA:200,128
DA:203,8
DA:205,2
DA:206,5
DA:208,5
DA:210,122
DA:211,6
DA:215,5
DA:218,2
DA:219,7
DA:221,7
DA:223,178
DA:227,7
LF:58
LH:58
BRDA:40,0,0,108
BRDA:40,0,1,48
BRDA:46,1,0,48
BRDA:46,1,1,108
BRDA:102,2,0,4
BRDA:102,2,1,4
BRDA:192,3,0,128
BRDA:192,3,1,60
BRDA:210,4,0,6
BRDA:210,4,1,116
BRF:10
BRH:10
end_of_record
TN:
SF:/home/maytezhou/Desktop/MD-LINKS/LIM009-fe-md-links/src/path.js
FN:2,(anonymous_0)
FN:9,(anonymous_1)
FNF:2
FNH:2
FNDA:110,(anonymous_0)
FNDA:160,(anonymous_1)
DA:1,2
DA:2,2
DA:4,110
DA:5,110
DA:9,2
DA:10,160
DA:14,7
DA:15,7
DA:16,153
DA:19,153
LF:10
LH:10
BRDA:4,0,0,110
BRDA:4,0,1,0
BRDA:10,1,0,7
BRDA:10,1,1,153
BRDA:16,2,0,153
BRDA:16,2,1,0
BRF:6
BRH:4
end_of_record
TN:
SF:/home/maytezhou/Desktop/MD-LINKS/LIM009-fe-md-links/src/read-controller.js
FN:6,(anonymous_0)
FN:13,(anonymous_1)
FN:19,(anonymous_2)
FNF:3
FNH:3
FNDA:312,(anonymous_0)
FNDA:110,(anonymous_1)
FNDA:50,(anonymous_2)
DA:3,2
DA:6,2
DA:7,312
DA:8,312
DA:13,2
DA:14,110
DA:15,110
DA:19,2
DA:20,50
DA:21,50
LF:10
LH:10
BRF:0
BRH:0
end_of_record
